<?xml version="1.0" encoding="UTF-8"?>
<testsuite name="TestSuite" time="89.901" tests="12" errors="0" skipped="5" failures="1">
  <properties>
[...]
</properties>
  <testcase name="setUp" classname="com.qa.tests.ContactPageTest" time="74.634">
    <failure message="javascript error: $.growl is not a function&#10;  (Session info: chrome=85.0.4183.83)&#10;Build info: version: &apos;3.141.59&apos;, revision: &apos;e82be7d358&apos;, time: &apos;2018-11-14T08:17:03&apos;&#10;System info: host: &apos;NIC-450000-L117&apos;, ip: &apos;192.168.43.253&apos;, os.name: &apos;Windows 7&apos;, os.arch: &apos;x86&apos;, os.version: &apos;6.1&apos;, java.version: &apos;1.8.0_131&apos;&#10;Driver info: org.openqa.selenium.chrome.ChromeDriver&#10;Capabilities {acceptInsecureCerts: false, browserName: chrome, browserVersion: 85.0.4183.83, chrome: {chromedriverVersion: 84.0.4147.30 (48b3e868b4cc0..., userDataDir: C:\Users\LocalNIC\AppData\L...}, goog:chromeOptions: {debuggerAddress: localhost:60488}, javascriptEnabled: true, networkConnectionEnabled: false, pageLoadStrategy: normal, platform: WINDOWS, platformName: WINDOWS, proxy: Proxy(), setWindowRect: true, strictFileInteractability: false, timeouts: {implicit: 0, pageLoad: 300000, script: 30000}, unhandledPromptBehavior: dismiss and notify, webauthn:virtualAuthenticators: true}&#10;Session ID: c1067f050d7b52b7c28f0ccdbc7553fa" type="org.openqa.selenium.JavascriptException">org.openqa.selenium.JavascriptException: javascript error: $.growl is not a function
  (Session info: chrome=85.0.4183.83)
Build info: version: '3.141.59', revision: 'e82be7d358', time: '2018-11-14T08:17:03'
System info: host: 'NIC-450000-L117', ip: '192.168.43.253', os.name: 'Windows 7', os.arch: 'x86', os.version: '6.1', java.version: '1.8.0_131'
Driver info: org.openqa.selenium.chrome.ChromeDriver
Capabilities {acceptInsecureCerts: false, browserName: chrome, browserVersion: 85.0.4183.83, chrome: {chromedriverVersion: 84.0.4147.30 (48b3e868b4cc0..., userDataDir: C:\Users\LocalNIC\AppData\L...}, goog:chromeOptions: {debuggerAddress: localhost:60488}, javascriptEnabled: true, networkConnectionEnabled: false, pageLoadStrategy: normal, platform: WINDOWS, platformName: WINDOWS, proxy: Proxy(), setWindowRect: true, strictFileInteractability: false, timeouts: {implicit: 0, pageLoad: 300000, script: 30000}, unhandledPromptBehavior: dismiss and notify, webauthn:virtualAuthenticators: true}
Session ID: c1067f050d7b52b7c28f0ccdbc7553fa
	at sun.reflect.NativeConstructorAccessorImpl.newInstance0(Native Method)
	at sun.reflect.NativeConstructorAccessorImpl.newInstance(NativeConstructorAccessorImpl.java:62)
	at sun.reflect.DelegatingConstructorAccessorImpl.newInstance(DelegatingConstructorAccessorImpl.java:45)
	at java.lang.reflect.Constructor.newInstance(Constructor.java:423)
	at org.openqa.selenium.remote.http.W3CHttpResponseCodec.createException(W3CHttpResponseCodec.java:187)
	at org.openqa.selenium.remote.http.W3CHttpResponseCodec.decode(W3CHttpResponseCodec.java:122)
	at org.openqa.selenium.remote.http.W3CHttpResponseCodec.decode(W3CHttpResponseCodec.java:49)
	at org.openqa.selenium.remote.HttpCommandExecutor.execute(HttpCommandExecutor.java:158)
	at org.openqa.selenium.remote.service.DriverCommandExecutor.execute(DriverCommandExecutor.java:83)
	at org.openqa.selenium.remote.RemoteWebDriver.execute(RemoteWebDriver.java:552)
	at org.openqa.selenium.remote.RemoteWebDriver.executeScript(RemoteWebDriver.java:489)
	at sun.reflect.NativeMethodAccessorImpl.invoke0(Native Method)
	at sun.reflect.NativeMethodAccessorImpl.invoke(NativeMethodAccessorImpl.java:62)
	at sun.reflect.DelegatingMethodAccessorImpl.invoke(DelegatingMethodAccessorImpl.java:43)
	at java.lang.reflect.Method.invoke(Method.java:498)
	at org.openqa.selenium.support.events.EventFiringWebDriver.lambda$new$1(EventFiringWebDriver.java:105)
	at com.sun.proxy.$Proxy5.executeScript(Unknown Source)
	at org.openqa.selenium.support.events.EventFiringWebDriver.executeScript(EventFiringWebDriver.java:229)
	at com.qa.util.TestUtil.runTimeInfo(TestUtil.java:85)
	at com.qa.tests.ContactPageTest.setUp(ContactPageTest.java:49)
</failure>
    <system-out><![CDATA[Configuring TestNG with: TestNG652Configurator
Before navigating to: 'https://classic.crmpro.com'
Navigated to:'https://classic.crmpro.com'
Trying to find Element By : By.xpath: //button[@id='details-button']
Found Element By : By.xpath: //button[@id='details-button']
Trying to click on: [[ChromeDriver: chrome on WINDOWS (c1067f050d7b52b7c28f0ccdbc7553fa)] -> xpath: //button[@id='details-button']]
Clicked on: [[ChromeDriver: chrome on WINDOWS (c1067f050d7b52b7c28f0ccdbc7553fa)] -> xpath: //button[@id='details-button']]
Trying to find Element By : By.xpath: //a[@id= 'proceed-link']
Found Element By : By.xpath: //a[@id= 'proceed-link']
Trying to click on: [[ChromeDriver: chrome on WINDOWS (c1067f050d7b52b7c28f0ccdbc7553fa)] -> xpath: //a[@id= 'proceed-link']]
Clicked on: [[ChromeDriver: chrome on WINDOWS (c1067f050d7b52b7c28f0ccdbc7553fa)] -> xpath: //a[@id= 'proceed-link']]
Trying to find Element By : By.name: username
Found Element By : By.name: username
Trying to find Element By : By.name: password
Found Element By : By.name: password
Trying to find Element By : By.xpath: //input[@type='submit']
Found Element By : By.xpath: //input[@type='submit']
Exception occured: org.openqa.selenium.JavascriptException: javascript error: $.growl is not a function
  (Session info: chrome=85.0.4183.83)
Build info: version: '3.141.59', revision: 'e82be7d358', time: '2018-11-14T08:17:03'
System info: host: 'NIC-450000-L117', ip: '192.168.43.253', os.name: 'Windows 7', os.arch: 'x86', os.version: '6.1', java.version: '1.8.0_131'
Driver info: org.openqa.selenium.chrome.ChromeDriver
Capabilities {acceptInsecureCerts: false, browserName: chrome, browserVersion: 85.0.4183.83, chrome: {chromedriverVersion: 84.0.4147.30 (48b3e868b4cc0..., userDataDir: C:\Users\LocalNIC\AppData\L...}, goog:chromeOptions: {debuggerAddress: localhost:60488}, javascriptEnabled: true, networkConnectionEnabled: false, pageLoadStrategy: normal, platform: WINDOWS, platformName: WINDOWS, proxy: Proxy(), setWindowRect: true, strictFileInteractability: false, timeouts: {implicit: 0, pageLoad: 300000, script: 30000}, unhandledPromptBehavior: dismiss and notify, webauthn:virtualAuthenticators: true}
Session ID: c1067f050d7b52b7c28f0ccdbc7553fa
]]></system-out>
    <system-err><![CDATA[Starting ChromeDriver 84.0.4147.30 (48b3e868b4cc0aa7e8149519690b6f6949e110a8-refs/branch-heads/4147@{#310}) on port 15379
Only local connections are allowed.
Please see https://chromedriver.chromium.org/security-considerations for suggestions on keeping ChromeDriver safe.
ChromeDriver was started successfully.
[1599166983.982][WARNING]: This version of ChromeDriver has not been tested with Chrome version 85.
Sep 04, 2020 2:33:13 AM org.openqa.selenium.remote.ProtocolHandshake createSession
INFO: Detected dialect: W3C
]]></system-err>
  </testcase>
  <testcase name="verifyContactsPageLabel" classname="com.qa.tests.ContactPageTest" time="0">
    <skipped/>
  </testcase>
  <testcase name="verifyHomePageTitleTest" classname="com.qa.tests.HomePageTest" time="0.016"/>
  <testcase name="loginPageTitleTest" classname="com.qa.tests.LoginPageTest" time="0.008"/>
  <testcase name="setUp" classname="com.qa.tests.ContactPageTest" time="0">
    <skipped/>
  </testcase>
  <testcase name="selectSingleContactsTest" classname="com.qa.tests.ContactPageTest" time="0">
    <skipped/>
  </testcase>
  <testcase name="verifyUserNameTest" classname="com.qa.tests.HomePageTest" time="0.172"/>
  <testcase name="crmLogoImageTest" classname="com.qa.tests.LoginPageTest" time="0.069"/>
  <testcase name="setUp" classname="com.qa.tests.ContactPageTest" time="0">
    <skipped/>
  </testcase>
  <testcase name="selectMultipleContactsTest" classname="com.qa.tests.ContactPageTest" time="0">
    <skipped/>
  </testcase>
  <testcase name="verifyContactsLinkTest" classname="com.qa.tests.HomePageTest" time="2.208"/>
  <testcase name="loginTest" classname="com.qa.tests.LoginPageTest" time="12.794"/>
</testsuite>